<?xml version="1.0" encoding="UTF-8"?>
<!-- Generated by org.testng.reporters.JUnitReportReporter -->
<testsuite hostname="IBM-Testing01" name="testNGpackagedemo.Prioritydemo" tests="3" failures="0" timestamp="6 Jan 2020 11:02:14 GMT" time="0.017" errors="0">
  <testcase name="login" time="0.002" classname="testNGpackagedemo.Prioritydemo"/>
  <testcase name="startapp" time="0.002" classname="testNGpackagedemo.Prioritydemo"/>
  <testcase name="logout" time="0.013" classname="testNGpackagedemo.Prioritydemo"/>
</testsuite> <!-- testNGpackagedemo.Prioritydemo -->
