<?xml version="1.0" encoding="UTF-8"?>
<!-- Generated by org.testng.reporters.JUnitReportReporter -->
<testsuite hostname="IBM-Testing01" name="testNGpackagedemo.Dependsonmethodsdemo$Prioritydemo" tests="3" failures="0" timestamp="8 Jan 2020 03:24:44 GMT" time="0.016" errors="0">
  <testcase name="startapp" time="0.015" classname="testNGpackagedemo.Dependsonmethodsdemo$Prioritydemo"/>
  <testcase name="login" time="0.000" classname="testNGpackagedemo.Dependsonmethodsdemo$Prioritydemo"/>
  <testcase name="logout" time="0.001" classname="testNGpackagedemo.Dependsonmethodsdemo$Prioritydemo"/>
</testsuite> <!-- testNGpackagedemo.Dependsonmethodsdemo$Prioritydemo -->
