<?xml version="1.0" encoding="UTF-8"?>
<!-- Generated by org.testng.reporters.JUnitReportReporter -->
<testsuite hostname="IBM-Testing01" name="testNGpackagedemo.Annotationdemo" tests="1" failures="0" timestamp="6 Jan 2020 09:54:08 GMT" time="0.009" errors="0">
  <testcase name="checktitle" time="0.009" classname="testNGpackagedemo.Annotationdemo"/>
</testsuite> <!-- testNGpackagedemo.Annotationdemo -->
