<?xml version="1.0" encoding="UTF-8"?>
<!-- Generated by org.testng.reporters.JUnitReportReporter -->
<testsuite hostname="IBM-Testing01" name="groupsdemo.Testclass1" tests="3" failures="0" timestamp="8 Jan 2020 05:57:30 GMT" time="0.016" errors="0">
  <testcase name="Test3" time="0.002" classname="groupsdemo.Testclass1"/>
  <testcase name="Test1" time="0.012" classname="groupsdemo.Testclass1"/>
  <testcase name="Test2" time="0.002" classname="groupsdemo.Testclass1"/>
</testsuite> <!-- groupsdemo.Testclass1 -->
