<?xml version="1.0" encoding="UTF-8"?>
<!-- Generated by org.testng.reporters.JUnitReportReporter -->
<testsuite hostname="IBM-Testing01" name="Dataproviderdemo" tests="2" failures="0" timestamp="8 Jan 2020 04:36:10 GMT" time="16.250" errors="0">
  <testcase name="f" time="11.261" classname="Dataproviderdemo"/>
  <testcase name="f" time="4.989" classname="Dataproviderdemo"/>
</testsuite> <!-- Dataproviderdemo -->
